<?xml version="1.0" encoding="UTF-8"?>
<!-- Generated by org.testng.reporters.JUnitReportReporter -->
<testsuite skipped="0" hostname="DESKTOP-3BPQ3RI" name="com.smarttechqa.BaseClass" tests="1" failures="0" timestamp="25 Sep 2022 17:21:53 GMT" time="0.691" errors="0">
  <testcase name="Validaation" time="0.691" classname="com.smarttechqa.BaseClass"/>
</testsuite> <!-- com.smarttechqa.BaseClass -->
